Performing C SOURCE FILE Test CMAKE_HAVE_LIBC_PTHREAD failed with the following output:
Change Dir: /data/home/csmajs/pgoul002/final-project-awesome-game/CMakeFiles/CMakeTmp

Run Build Command(s):/usr/bin/gmake -f Makefile cmTC_fcb24/fast && /usr/bin/gmake  -f CMakeFiles/cmTC_fcb24.dir/build.make CMakeFiles/cmTC_fcb24.dir/build
gmake[1]: Entering directory '/data/home/csmajs/pgoul002/final-project-awesome-game/CMakeFiles/CMakeTmp'
Building C object CMakeFiles/cmTC_fcb24.dir/src.c.o
/usr/bin/cc -DCMAKE_HAVE_LIBC_PTHREAD   -o CMakeFiles/cmTC_fcb24.dir/src.c.o -c /data/home/csmajs/pgoul002/final-project-awesome-game/CMakeFiles/CMakeTmp/src.c
Linking C executable cmTC_fcb24
/usr/bin/cmake -E cmake_link_script CMakeFiles/cmTC_fcb24.dir/link.txt --verbose=1
/usr/bin/cc CMakeFiles/cmTC_fcb24.dir/src.c.o -o cmTC_fcb24 
CMakeFiles/cmTC_fcb24.dir/src.c.o: In function `main':
src.c:(.text+0x2d): undefined reference to `pthread_create'
src.c:(.text+0x39): undefined reference to `pthread_detach'
src.c:(.text+0x45): undefined reference to `pthread_cancel'
src.c:(.text+0x56): undefined reference to `pthread_join'
collect2: error: ld returned 1 exit status
gmake[1]: *** [CMakeFiles/cmTC_fcb24.dir/build.make:99: cmTC_fcb24] Error 1
gmake[1]: Leaving directory '/data/home/csmajs/pgoul002/final-project-awesome-game/CMakeFiles/CMakeTmp'
gmake: *** [Makefile:127: cmTC_fcb24/fast] Error 2


Source file was:
#include <pthread.h>

static void* test_func(void* data)
{
  return data;
}

int main(void)
{
  pthread_t thread;
  pthread_create(&thread, NULL, test_func, NULL);
  pthread_detach(thread);
  pthread_cancel(thread);
  pthread_join(thread, NULL);
  pthread_atfork(NULL, NULL, NULL);
  pthread_exit(NULL);

  return 0;
}

Determining if the function pthread_create exists in the pthreads failed with the following output:
Change Dir: /data/home/csmajs/pgoul002/final-project-awesome-game/CMakeFiles/CMakeTmp

Run Build Command(s):/usr/bin/gmake -f Makefile cmTC_8fa45/fast && /usr/bin/gmake  -f CMakeFiles/cmTC_8fa45.dir/build.make CMakeFiles/cmTC_8fa45.dir/build
gmake[1]: Entering directory '/data/home/csmajs/pgoul002/final-project-awesome-game/CMakeFiles/CMakeTmp'
Building C object CMakeFiles/cmTC_8fa45.dir/CheckFunctionExists.c.o
/usr/bin/cc   -DCHECK_FUNCTION_EXISTS=pthread_create -o CMakeFiles/cmTC_8fa45.dir/CheckFunctionExists.c.o -c /usr/share/cmake/Modules/CheckFunctionExists.c
Linking C executable cmTC_8fa45
/usr/bin/cmake -E cmake_link_script CMakeFiles/cmTC_8fa45.dir/link.txt --verbose=1
/usr/bin/cc  -DCHECK_FUNCTION_EXISTS=pthread_create CMakeFiles/cmTC_8fa45.dir/CheckFunctionExists.c.o -o cmTC_8fa45  -lpthreads 
/usr/bin/ld: cannot find -lpthreads
collect2: error: ld returned 1 exit status
gmake[1]: *** [CMakeFiles/cmTC_8fa45.dir/build.make:99: cmTC_8fa45] Error 1
gmake[1]: Leaving directory '/data/home/csmajs/pgoul002/final-project-awesome-game/CMakeFiles/CMakeTmp'
gmake: *** [Makefile:127: cmTC_8fa45/fast] Error 2



